<?xml version="1.0" encoding="UTF-8"?>
<robot generator="Robot 7.4.1 (Python 3.13.5 on win32)" generated="2026-03-13T11:07:20.633811" rpa="false" schemaversion="5">
<suite id="s1" name="Spaceandbeyond" source="C:\Users\MeszarosGergo\Desktop\Spaceandbeyond">
<suite id="s1-s1" name="Loginkeyword" source="C:\Users\MeszarosGergo\Desktop\Spaceandbeyond\loginkeyword.robot">
<test id="s1-s1-t1" name="Check empty credentials" line="49">
<kw name="Open Browser" owner="Selenium2Library">
<msg time="2026-03-13T11:07:20.844684" level="INFO">Opening browser 'chrome' to base url 'https://demo.testim.io/'.</msg>
<arg>https://demo.testim.io/</arg>
<arg>chrome</arg>
<doc>Opens a new browser instance to the optional ``url``.</doc>
<status status="PASS" start="2026-03-13T11:07:20.844359" elapsed="0.939248"/>
</kw>
<kw name="Click Button" owner="Selenium2Library">
<msg time="2026-03-13T11:07:21.784328" level="INFO">Clicking button '//*[@id="app"]/div/header/div/div[2]/ul/li/button'.</msg>
<arg>//*[@id="app"]/div/header/div/div[2]/ul/li/button</arg>
<doc>Clicks the button identified by ``locator``.</doc>
<status status="PASS" start="2026-03-13T11:07:21.783929" elapsed="0.059525"/>
</kw>
<kw name="Input Text" owner="Selenium2Library">
<msg time="2026-03-13T11:07:21.844069" level="INFO">Typing text '' into text field '//*[@id="login"]/div[1]/input'.</msg>
<arg>locator=//*[@id="login"]/div[1]/input</arg>
<arg>text=</arg>
<doc>Types the given ``text`` into the text field identified by ``locator``.</doc>
<status status="PASS" start="2026-03-13T11:07:21.843772" elapsed="0.056041"/>
</kw>
<kw name="Input Password" owner="Selenium2Library">
<msg time="2026-03-13T11:07:21.900501" level="INFO">Typing password into text field '//*[@id="login"]/div[2]/input'.</msg>
<msg time="2026-03-13T11:07:21.920455" level="INFO">Temporally setting log level to: NONE</msg>
<arg>locator=//*[@id="login"]/div[2]/input</arg>
<arg>password=</arg>
<doc>Types the given password into the text field identified by ``locator``.</doc>
<status status="PASS" start="2026-03-13T11:07:21.900163" elapsed="0.043354"/>
</kw>
<kw name="Sleep" owner="BuiltIn">
<msg time="2026-03-13T11:07:22.944703" level="INFO">Slept 1 second.</msg>
<arg>1s</arg>
<doc>Pauses the test executed for the given time.</doc>
<status status="PASS" start="2026-03-13T11:07:21.943779" elapsed="1.001171"/>
</kw>
<kw name="Click Button" owner="Selenium2Library">
<msg time="2026-03-13T11:07:22.945828" level="INFO">Clicking button '//*[@id="app"]/div/section[3]/div/div[2]/div/nav/button[2]'.</msg>
<arg>//*[@id="app"]/div/section[3]/div/div[2]/div/nav/button[2]</arg>
<doc>Clicks the button identified by ``locator``.</doc>
<status status="PASS" start="2026-03-13T11:07:22.945527" elapsed="0.047894"/>
</kw>
<kw name="Element Text Should Be" owner="Selenium2Library">
<msg time="2026-03-13T11:07:22.994013" level="INFO">Verifying element '//*[@id="login"]/div[1]/span[3]' contains exact text 'Name is a required field.'.</msg>
<arg>//*[@id="login"]/div[1]/span[3]</arg>
<arg>Name is a required field.</arg>
<doc>Verifies that element ``locator`` contains exact the text ``expected``.</doc>
<status status="PASS" start="2026-03-13T11:07:22.993735" elapsed="0.028053"/>
</kw>
<kw name="Element Text Should Be" owner="Selenium2Library">
<msg time="2026-03-13T11:07:23.022585" level="INFO">Verifying element '//*[@id="login"]/div[2]/span[3]' contains exact text 'Password is a required field.'.</msg>
<arg>//*[@id="login"]/div[2]/span[3]</arg>
<arg>Password is a required field.</arg>
<doc>Verifies that element ``locator`` contains exact the text ``expected``.</doc>
<status status="PASS" start="2026-03-13T11:07:23.022243" elapsed="0.010811"/>
</kw>
<kw name="Close Browser" owner="Selenium2Library">
<doc>Closes the current browser.</doc>
<status status="PASS" start="2026-03-13T11:07:23.033308" elapsed="2.099710"/>
</kw>
<status status="PASS" start="2026-03-13T11:07:20.839526" elapsed="4.293938"/>
</test>
<status status="PASS" start="2026-03-13T11:07:20.676426" elapsed="4.460418"/>
</suite>
<status status="PASS" start="2026-03-13T11:07:20.637652" elapsed="4.501831"/>
</suite>
<statistics>
<total>
<stat pass="1" fail="0" skip="0">All Tests</stat>
</total>
<tag>
</tag>
<suite>
<stat name="Spaceandbeyond" id="s1" pass="1" fail="0" skip="0">Spaceandbeyond</stat>
<stat name="Loginkeyword" id="s1-s1" pass="1" fail="0" skip="0">Spaceandbeyond.Loginkeyword</stat>
</suite>
</statistics>
<errors>
</errors>
</robot>
